<?xml version="1.0" encoding="UTF-8"?>
<testsuite name="censusanalyser.CensusAnalyserTest" tests="4" skipped="0" failures="0" errors="0" timestamp="2020-03-04T07:38:28" hostname="admin1-Lenovo-Product" time="0.614">
  <properties/>
  <testcase name="givenIndianCensusCSVFileReturnsCorrectRecords" classname="censusanalyser.CensusAnalyserTest" time="0.349"/>
  <testcase name="givenIndiaCensusData_WithWrongFile_ShouldThrowException" classname="censusanalyser.CensusAnalyserTest" time="0.015"/>
  <testcase name="givenIndiaCSVData_WhenSortedState_ShouldReturn_Sorted" classname="censusanalyser.CensusAnalyserTest" time="0.178"/>
  <testcase name="loadThe_Indian_States_Code_Information_from_csvFile" classname="censusanalyser.CensusAnalyserTest" time="0.068"/>
  <system-out><![CDATA[]]></system-out>
  <system-err><![CDATA[]]></system-err>
</testsuite>
