<?xml version="1.0" encoding="UTF-8"?>
<testsuite name="censusanalyser.CensusAnalyserTest" tests="8" skipped="0" failures="0" errors="0" timestamp="2020-03-06T07:47:07" hostname="admin1-Lenovo-Product" time="0.55">
  <properties/>
  <testcase name="GivenIndiaCsvData_whenSortedBy_StatePopulation__ReturnLeastOne_StatePopulation" classname="censusanalyser.CensusAnalyserTest" time="0.241"/>
  <testcase name="givenIndianCensusCSVFileReturnsCorrectRecords" classname="censusanalyser.CensusAnalyserTest" time="0.053"/>
  <testcase name="givenUSCSVData_WhenSortedState_ShouldReturn_SortedSate" classname="censusanalyser.CensusAnalyserTest" time="0.068"/>
  <testcase name="givenUSCSVData_WhenSortedBy_Population_ShouldReturn_SortedPopulation" classname="censusanalyser.CensusAnalyserTest" time="0.057"/>
  <testcase name="givenIndiaCensusData_WithWrongFile_ShouldThrowException" classname="censusanalyser.CensusAnalyserTest" time="0.008"/>
  <testcase name="GivenIndiaCsvData_whenSortedBy_StateDensity__ReturnLeastOne_StateDensity" classname="censusanalyser.CensusAnalyserTest" time="0.046"/>
  <testcase name="givenIndiaCSVData_WhenSortedState_ShouldReturn_Sorted" classname="censusanalyser.CensusAnalyserTest" time="0.033"/>
  <testcase name="givenUSCensus_CSVFile_Returns_CorrectRecords" classname="censusanalyser.CensusAnalyserTest" time="0.041"/>
  <system-out><![CDATA[]]></system-out>
  <system-err><![CDATA[]]></system-err>
</testsuite>
