<?xml version="1.0" encoding="UTF-8"?>
<testsuite name="censusanalyser.CensusAnalyserTest" tests="1" skipped="0" failures="0" errors="0" timestamp="2020-03-05T12:31:02" hostname="admin1-Lenovo-Product" time="13.967">
  <properties/>
  <testcase name="loadThe_Indian_States_Code_Information_from_csvFile" classname="censusanalyser.CensusAnalyserTest" time="13.967"/>
  <system-out><![CDATA[]]></system-out>
  <system-err><![CDATA[]]></system-err>
</testsuite>
