<?xml version="1.0" encoding="UTF-8"?>
<testsuite name="censusanalyser.CensusAnalyserTest" tests="4" skipped="0" failures="0" errors="0" timestamp="2020-03-05T13:38:55" hostname="admin1-Lenovo-Product" time="0.355">
  <properties/>
  <testcase name="givenIndianCensusCSVFileReturnsCorrectRecords" classname="censusanalyser.CensusAnalyserTest" time="0.2"/>
  <testcase name="givenIndiaCensusData_WithWrongFile_ShouldThrowException" classname="censusanalyser.CensusAnalyserTest" time="0.011"/>
  <testcase name="givenIndiaCSVData_WhenSortedState_ShouldReturn_Sorted" classname="censusanalyser.CensusAnalyserTest" time="0.086"/>
  <testcase name="givenUSCensus_CSVFile_Returns_CorrectRecords" classname="censusanalyser.CensusAnalyserTest" time="0.057"/>
  <system-out><![CDATA[]]></system-out>
  <system-err><![CDATA[]]></system-err>
</testsuite>
