<?xml version="1.0" encoding="UTF-8"?>
<testsuite name="censusanalyser.CensusAnalyserTest" tests="1" skipped="0" failures="0" errors="0" timestamp="2020-03-05T08:56:50" hostname="admin1-Lenovo-Product" time="0.218">
  <properties/>
  <testcase name="givenUSCensus_CSVFile_Returns_CorrectRecords" classname="censusanalyser.CensusAnalyserTest" time="0.218"/>
  <system-out><![CDATA[]]></system-out>
  <system-err><![CDATA[]]></system-err>
</testsuite>
